0 verbose cli /usr/local/bin/node /usr/local/bin/npm
1 info using npm@8.11.0
2 info using node@v16.16.0
3 timing npm:load:whichnode Completed in 0ms
4 timing config:load:defaults Completed in 2ms
5 timing config:load:file:/usr/local/lib/node_modules/npm/npmrc Completed in 0ms
6 timing config:load:builtin Completed in 2ms
7 warn config production Use `--omit=dev` instead.
8 timing config:load:cli Completed in 5ms
9 timing config:load:env Completed in 0ms
10 timing config:load:file:/data/.npmrc Completed in 2ms
11 timing config:load:project Completed in 7ms
12 timing config:load:file:/usr/src/node-red/.npmrc Completed in 0ms
13 timing config:load:user Completed in 0ms
14 timing config:load:file:/usr/local/etc/npmrc Completed in 2ms
15 timing config:load:global Completed in 3ms
16 timing config:load:validate Completed in 0ms
17 timing config:load:credentials Completed in 1ms
18 timing config:load:setEnvs Completed in 1ms
19 timing config:load Completed in 23ms
20 timing npm:load:configload Completed in 23ms
21 timing npm:load:mkdirpcache Completed in 3ms
22 timing npm:load:mkdirplogs Completed in 0ms
23 verbose title npm install node-red-contrib-ha-mqtt@1.2.7
24 verbose argv "install" "--no-audit" "--no-update-notifier" "--no-fund" "--save" "--save-prefix" "~" "--production" "--engine-strict" "node-red-contrib-ha-mqtt@1.2.7"
25 timing npm:load:setTitle Completed in 1ms
26 timing config:load:flatten Completed in 3ms
27 timing npm:load:display Completed in 6ms
28 verbose logfile logs-max:10 dir:/data/.npm/_logs
29 verbose logfile /data/.npm/_logs/2022-09-24T01_02_38_078Z-debug-0.log
30 timing npm:load:logFile Completed in 6ms
31 timing npm:load:timers Completed in 0ms
32 timing npm:load:configScope Completed in 0ms
33 timing npm:load Completed in 42ms
34 timing arborist:ctor Completed in 0ms
35 silly logfile start cleaning logs, removing 1 files
36 silly logfile done cleaning log files
37 timing idealTree:init Completed in 153ms
38 timing idealTree:userRequests Completed in 3ms
39 silly idealTree buildDeps
40 silly fetch manifest node-red-contrib-ha-mqtt@1.2.7
41 timing arborist:ctor Completed in 0ms
42 http fetch GET 200 https://registry.npmjs.org/node-red-contrib-ha-mqtt 648ms (cache miss)
43 silly placeDep ROOT node-red-contrib-ha-mqtt@1.2.7 OK for: node-red-project@0.0.1 want: 1.2.7
44 silly fetch manifest node-pinyin@^0.2.3
45 http fetch GET 200 https://registry.npmjs.org/node-pinyin 819ms (cache miss)
46 timing idealTree:#root Completed in 1474ms
47 silly placeDep ROOT node-pinyin@0.2.3 OK for: node-red-contrib-ha-mqtt@1.2.7 want: ^0.2.3
48 silly fetch manifest commander@~1.1.1
49 http fetch GET 200 https://registry.npmjs.org/commander 114ms (cache miss)
50 timing idealTree:node_modules/node-red-contrib-ha-mqtt Completed in 119ms
51 silly placeDep ROOT commander@1.1.1 OK for: node-pinyin@0.2.3 want: ~1.1.1
52 silly fetch manifest keypress@0.1.x
53 http fetch GET 200 https://registry.npmjs.org/keypress 788ms (cache miss)
54 timing idealTree:node_modules/node-pinyin Completed in 790ms
55 silly placeDep ROOT keypress@0.1.0 OK for: commander@1.1.1 want: 0.1.x
56 timing idealTree:node_modules/commander Completed in 2ms
57 timing idealTree:node_modules/keypress Completed in 0ms
58 timing idealTree:buildDeps Completed in 2387ms
59 timing idealTree:fixDepFlags Completed in 1ms
60 timing idealTree Completed in 2546ms
61 timing reify:loadTrees Completed in 2547ms
62 timing reify:diffTrees Completed in 5ms
63 silly reify moves {}
64 timing reify:retireShallow Completed in 1ms
65 timing reify:createSparse Completed in 1ms
66 timing reify:trashOmits Completed in 1ms
67 timing reify:loadBundles Completed in 0ms
68 silly tarball no local data for keypress@https://registry.npmjs.org/keypress/-/keypress-0.1.0.tgz. Extracting by manifest.
69 silly tarball no local data for commander@https://registry.npmjs.org/commander/-/commander-1.1.1.tgz. Extracting by manifest.
70 silly tarball no local data for node-red-contrib-ha-mqtt@https://registry.npmjs.org/node-red-contrib-ha-mqtt/-/node-red-contrib-ha-mqtt-1.2.7.tgz. Extracting by manifest.
71 silly tarball no local data for node-pinyin@https://registry.npmjs.org/node-pinyin/-/node-pinyin-0.2.3.tgz. Extracting by manifest.
72 http fetch GET 200 https://registry.npmjs.org/keypress/-/keypress-0.1.0.tgz 100ms (cache miss)
73 timing reifyNode:node_modules/keypress Completed in 105ms
74 http fetch GET 200 https://registry.npmjs.org/commander/-/commander-1.1.1.tgz 138ms (cache miss)
75 timing reifyNode:node_modules/commander Completed in 146ms
76 http fetch GET 200 https://registry.npmjs.org/node-red-contrib-ha-mqtt/-/node-red-contrib-ha-mqtt-1.2.7.tgz 971ms (cache miss)
77 timing reifyNode:node_modules/node-red-contrib-ha-mqtt Completed in 985ms
78 http fetch GET 200 https://registry.npmjs.org/node-pinyin/-/node-pinyin-0.2.3.tgz 1035ms (cache miss)
79 timing reifyNode:node_modules/node-pinyin Completed in 1050ms
80 timing reify:unpack Completed in 1050ms
81 timing reify:unretire Completed in 0ms
82 timing build:queue Completed in 1ms
83 timing build:link:node_modules/node-pinyin Completed in 2ms
84 timing build:link Completed in 2ms
85 timing build:deps Completed in 3ms
86 timing build Completed in 3ms
87 timing reify:build Completed in 3ms
88 timing reify:trash Completed in 0ms
89 timing reify:save Completed in 62ms
90 timing reify Completed in 3697ms
91 silly ADD node_modules/keypress
92 silly ADD node_modules/commander
93 silly ADD node_modules/node-pinyin
94 silly ADD node_modules/node-red-contrib-ha-mqtt
95 timing command:install Completed in 3701ms
96 verbose exit 0
97 timing npm Completed in 3811ms
98 info ok
