0 verbose cli /usr/local/bin/node /usr/local/bin/npm
1 info using npm@8.11.0
2 info using node@v16.16.0
3 timing npm:load:whichnode Completed in 0ms
4 timing config:load:defaults Completed in 2ms
5 timing config:load:file:/usr/local/lib/node_modules/npm/npmrc Completed in 1ms
6 timing config:load:builtin Completed in 1ms
7 warn config production Use `--omit=dev` instead.
8 timing config:load:cli Completed in 2ms
9 timing config:load:env Completed in 0ms
10 timing config:load:file:/data/.npmrc Completed in 1ms
11 timing config:load:project Completed in 3ms
12 timing config:load:file:/usr/src/node-red/.npmrc Completed in 1ms
13 timing config:load:user Completed in 1ms
14 timing config:load:file:/usr/local/etc/npmrc Completed in 1ms
15 timing config:load:global Completed in 1ms
16 timing config:load:validate Completed in 0ms
17 timing config:load:credentials Completed in 1ms
18 timing config:load:setEnvs Completed in 1ms
19 timing config:load Completed in 14ms
20 timing npm:load:configload Completed in 14ms
21 timing npm:load:mkdirpcache Completed in 0ms
22 timing npm:load:mkdirplogs Completed in 0ms
23 verbose title npm install random-generator_node-red-contrib@1.0.0
24 verbose argv "install" "--no-audit" "--no-update-notifier" "--no-fund" "--save" "--save-prefix" "~" "--production" "--engine-strict" "random-generator_node-red-contrib@1.0.0"
25 timing npm:load:setTitle Completed in 1ms
26 timing config:load:flatten Completed in 2ms
27 timing npm:load:display Completed in 4ms
28 verbose logfile logs-max:10 dir:/data/.npm/_logs
29 verbose logfile /data/.npm/_logs/2022-10-10T00_33_24_695Z-debug-0.log
30 timing npm:load:logFile Completed in 4ms
31 timing npm:load:timers Completed in 0ms
32 timing npm:load:configScope Completed in 0ms
33 timing npm:load Completed in 25ms
34 timing arborist:ctor Completed in 0ms
35 silly logfile start cleaning logs, removing 1 files
36 silly logfile done cleaning log files
37 timing idealTree:init Completed in 212ms
38 timing idealTree:userRequests Completed in 1ms
39 silly idealTree buildDeps
40 silly fetch manifest random-generator_node-red-contrib@1.0.0
41 timing arborist:ctor Completed in 0ms
42 http fetch GET 200 https://registry.npmjs.org/random-generator_node-red-contrib 513ms (cache miss)
43 silly placeDep ROOT random-generator_node-red-contrib@1.0.0 OK for: node-red-project@0.0.1 want: 1.0.0
44 silly fetch manifest unique-names-generator@^4.4.0
45 http fetch GET 200 https://registry.npmjs.org/unique-names-generator 286ms (cache miss)
46 timing idealTree:#root Completed in 805ms
47 silly placeDep ROOT unique-names-generator@4.7.1 OK for: random-generator_node-red-contrib@1.0.0 want: ^4.4.0
48 timing idealTree:node_modules/random-generator_node-red-contrib Completed in 1ms
49 timing idealTree:node_modules/unique-names-generator Completed in 0ms
50 timing idealTree:buildDeps Completed in 808ms
51 timing idealTree:fixDepFlags Completed in 8ms
52 timing idealTree Completed in 1035ms
53 timing reify:loadTrees Completed in 1035ms
54 timing reify:diffTrees Completed in 6ms
55 silly reify moves {}
56 timing reify:retireShallow Completed in 1ms
57 timing reify:createSparse Completed in 1ms
58 timing reify:trashOmits Completed in 1ms
59 timing reify:loadBundles Completed in 0ms
60 verbose reify failed optional dependency /data/node_modules/fsevents
61 silly reify mark deleted [ '/data/node_modules/fsevents' ]
62 timing reifyNode:node_modules/fsevents Completed in 4ms
63 silly tarball no local data for unique-names-generator@https://registry.npmjs.org/unique-names-generator/-/unique-names-generator-4.7.1.tgz. Extracting by manifest.
64 silly tarball no local data for random-generator_node-red-contrib@https://registry.npmjs.org/random-generator_node-red-contrib/-/random-generator_node-red-contrib-1.0.0.tgz. Extracting by manifest.
65 http fetch GET 200 https://registry.npmjs.org/random-generator_node-red-contrib/-/random-generator_node-red-contrib-1.0.0.tgz 127ms (cache miss)
66 timing reifyNode:node_modules/random-generator_node-red-contrib Completed in 139ms
67 http fetch GET 200 https://registry.npmjs.org/unique-names-generator/-/unique-names-generator-4.7.1.tgz 160ms (cache miss)
68 timing reifyNode:node_modules/unique-names-generator Completed in 168ms
69 timing reify:unpack Completed in 169ms
70 timing reify:unretire Completed in 0ms
71 timing build:queue Completed in 0ms
72 timing build:deps Completed in 1ms
73 timing build Completed in 1ms
74 timing reify:build Completed in 2ms
75 timing reify:trash Completed in 1ms
76 timing reify:save Completed in 80ms
77 timing reify Completed in 1329ms
78 silly ADD node_modules/unique-names-generator
79 silly ADD node_modules/random-generator_node-red-contrib
80 silly ADD
81 timing command:install Completed in 1332ms
82 verbose exit 0
83 timing npm Completed in 1403ms
84 info ok
