0 verbose cli /usr/local/bin/node /usr/local/bin/npm
1 info using npm@8.11.0
2 info using node@v16.16.0
3 timing npm:load:whichnode Completed in 1ms
4 timing config:load:defaults Completed in 2ms
5 timing config:load:file:/usr/local/lib/node_modules/npm/npmrc Completed in 1ms
6 timing config:load:builtin Completed in 1ms
7 warn config production Use `--omit=dev` instead.
8 timing config:load:cli Completed in 2ms
9 timing config:load:env Completed in 0ms
10 timing config:load:file:/data/.npmrc Completed in 1ms
11 timing config:load:project Completed in 5ms
12 timing config:load:file:/usr/src/node-red/.npmrc Completed in 0ms
13 timing config:load:user Completed in 0ms
14 timing config:load:file:/usr/local/etc/npmrc Completed in 1ms
15 timing config:load:global Completed in 1ms
16 timing config:load:validate Completed in 1ms
17 timing config:load:credentials Completed in 0ms
18 timing config:load:setEnvs Completed in 1ms
19 timing config:load Completed in 14ms
20 timing npm:load:configload Completed in 14ms
21 timing npm:load:mkdirpcache Completed in 1ms
22 timing npm:load:mkdirplogs Completed in 1ms
23 verbose title npm install node-red-contrib-sparkplug@2.1.1
24 verbose argv "install" "--no-audit" "--no-update-notifier" "--no-fund" "--save" "--save-prefix" "~" "--production" "--engine-strict" "node-red-contrib-sparkplug@2.1.1"
25 timing npm:load:setTitle Completed in 1ms
26 timing config:load:flatten Completed in 2ms
27 timing npm:load:display Completed in 4ms
28 verbose logfile logs-max:10 dir:/data/.npm/_logs
29 verbose logfile /data/.npm/_logs/2022-09-19T04_07_32_044Z-debug-0.log
30 timing npm:load:logFile Completed in 4ms
31 timing npm:load:timers Completed in 0ms
32 timing npm:load:configScope Completed in 0ms
33 timing npm:load Completed in 26ms
34 timing arborist:ctor Completed in 1ms
35 silly logfile start cleaning logs, removing 2 files
36 silly logfile done cleaning log files
37 timing idealTree:init Completed in 70ms
38 timing idealTree:userRequests Completed in 1ms
39 silly idealTree buildDeps
40 silly fetch manifest node-red-contrib-sparkplug@2.1.1
41 timing arborist:ctor Completed in 0ms
42 http fetch GET 200 https://registry.npmjs.org/node-red-contrib-sparkplug 959ms (cache miss)
43 silly placeDep ROOT node-red-contrib-sparkplug@2.1.1 OK for: node-red-project@0.0.1 want: 2.1.1
44 silly fetch manifest sparkplug-client@^3.0.0
45 http fetch GET 200 https://registry.npmjs.org/sparkplug-client 251ms (cache miss)
46 timing idealTree:#root Completed in 1217ms
47 silly placeDep ROOT sparkplug-client@3.2.2 OK for: node-red-contrib-sparkplug@2.1.1 want: ^3.0.0
48 silly fetch manifest mqtt@^2.16.0
49 silly fetch manifest pako@^1.0.6
50 silly fetch manifest winston@^2.4.0
51 http fetch GET 200 https://registry.npmjs.org/winston 79ms (cache miss)
52 http fetch GET 200 https://registry.npmjs.org/mqtt 144ms (cache revalidated)
53 http fetch GET 200 https://registry.npmjs.org/pako 148ms (cache revalidated)
54 timing idealTree:node_modules/node-red-contrib-sparkplug Completed in 151ms
55 silly placeDep node_modules/sparkplug-client mqtt@2.18.9 OK for: sparkplug-client@3.2.2 want: ^2.16.0
56 silly placeDep node_modules/sparkplug-client pako@1.0.11 OK for: sparkplug-client@3.2.2 want: ^1.0.6
57 silly placeDep ROOT winston@2.4.6 OK for: sparkplug-client@3.2.2 want: ^2.4.0
58 silly fetch manifest concat-stream@^1.6.2
59 silly fetch manifest es6-map@^0.1.5
60 silly fetch manifest help-me@^1.0.1
61 silly fetch manifest mqtt-packet@^5.6.0
62 silly fetch manifest readable-stream@^2.3.6
63 silly fetch manifest split2@^2.1.1
64 silly fetch manifest websocket-stream@~5.2.0
65 silly fetch manifest async@^3.2.3
66 silly fetch manifest colors@1.0.x
67 silly fetch manifest cycle@1.0.x
68 silly fetch manifest eyes@0.1.x
69 silly fetch manifest isstream@0.1.x
70 silly fetch manifest stack-trace@0.0.x
71 http fetch GET 200 https://registry.npmjs.org/es6-map 55ms (cache miss)
72 http fetch GET 200 https://registry.npmjs.org/async 61ms (cache miss)
73 http fetch GET 200 https://registry.npmjs.org/concat-stream 133ms (cache revalidated)
74 http fetch GET 200 https://registry.npmjs.org/isstream 132ms (cache revalidated)
75 http fetch GET 200 https://registry.npmjs.org/cycle 139ms (cache miss)
76 http fetch GET 200 https://registry.npmjs.org/eyes 141ms (cache miss)
77 http fetch GET 200 https://registry.npmjs.org/stack-trace 141ms (cache miss)
78 http fetch GET 200 https://registry.npmjs.org/colors 144ms (cache miss)
79 http fetch GET 200 https://registry.npmjs.org/readable-stream 150ms (cache revalidated)
80 http fetch GET 200 https://registry.npmjs.org/split2 162ms (cache revalidated)
81 http fetch GET 200 https://registry.npmjs.org/help-me 164ms (cache revalidated)
82 http fetch GET 200 https://registry.npmjs.org/mqtt-packet 180ms (cache revalidated)
83 http fetch GET 200 https://registry.npmjs.org/websocket-stream 246ms (cache miss)
84 timing idealTree:node_modules/sparkplug-client Completed in 259ms
85 silly placeDep ROOT async@3.2.4 OK for: winston@2.4.6 want: ^3.2.3
86 silly placeDep ROOT colors@1.0.3 OK for: winston@2.4.6 want: 1.0.x
87 silly placeDep ROOT cycle@1.0.3 OK for: winston@2.4.6 want: 1.0.x
88 silly placeDep ROOT eyes@0.1.8 OK for: winston@2.4.6 want: 0.1.x
89 silly placeDep ROOT isstream@0.1.2 OK for: winston@2.4.6 want: 0.1.x
90 silly placeDep ROOT stack-trace@0.0.10 OK for: winston@2.4.6 want: 0.0.x
91 timing idealTree:node_modules/winston Completed in 6ms
92 timing idealTree:node_modules/async Completed in 0ms
93 timing idealTree:node_modules/colors Completed in 0ms
94 timing idealTree:node_modules/cycle Completed in 0ms
95 timing idealTree:node_modules/eyes Completed in 0ms
96 timing idealTree:node_modules/isstream Completed in 0ms
97 timing idealTree:node_modules/stack-trace Completed in 0ms
98 silly placeDep node_modules/sparkplug-client concat-stream@1.6.2 OK for: mqtt@2.18.9 want: ^1.6.2
99 silly placeDep ROOT es6-map@0.1.5 OK for: mqtt@2.18.9 want: ^0.1.5
100 silly placeDep node_modules/sparkplug-client help-me@1.1.0 OK for: mqtt@2.18.9 want: ^1.0.1
101 silly placeDep node_modules/sparkplug-client mqtt-packet@5.6.1 OK for: mqtt@2.18.9 want: ^5.6.0
102 silly placeDep node_modules/sparkplug-client readable-stream@2.3.7 OK for: mqtt@2.18.9 want: ^2.3.6
103 silly placeDep node_modules/sparkplug-client split2@2.2.0 OK for: mqtt@2.18.9 want: ^2.1.1
104 silly placeDep ROOT websocket-stream@5.2.0 OK for: mqtt@2.18.9 want: ~5.2.0
105 silly fetch manifest es6-set@~0.1.5
106 silly fetch manifest event-emitter@~0.3.5
107 silly fetch manifest callback-stream@^1.0.2
108 silly fetch manifest glob-stream@^6.1.0
109 silly fetch manifest through2@^2.0.1
110 silly fetch manifest bl@^1.2.1
111 silly fetch manifest core-util-is@~1.0.0
112 silly fetch manifest isarray@~1.0.0
113 silly fetch manifest safe-buffer@~5.1.1
114 silly fetch manifest string_decoder@~1.1.1
115 silly fetch manifest through2@^2.0.2
116 silly fetch manifest duplexify@^3.6.1
117 silly fetch manifest ws@^6.1.2
118 http fetch GET 200 https://registry.npmjs.org/bl 79ms (cache revalidated)
119 http fetch GET 200 https://registry.npmjs.org/core-util-is 81ms (cache revalidated)
120 http fetch GET 200 https://registry.npmjs.org/duplexify 83ms (cache revalidated)
121 http fetch GET 200 https://registry.npmjs.org/ws 83ms (cache revalidated)
122 http fetch GET 200 https://registry.npmjs.org/string_decoder 88ms (cache revalidated)
123 http fetch GET 200 https://registry.npmjs.org/event-emitter 94ms (cache miss)
124 http fetch GET 200 https://registry.npmjs.org/safe-buffer 91ms (cache revalidated)
125 http fetch GET 200 https://registry.npmjs.org/es6-set 98ms (cache miss)
126 http fetch GET 200 https://registry.npmjs.org/isarray 94ms (cache miss)
127 http fetch GET 200 https://registry.npmjs.org/through2 99ms (cache miss)
128 http fetch GET 200 https://registry.npmjs.org/through2 96ms (cache miss)
129 http fetch GET 200 https://registry.npmjs.org/glob-stream 103ms (cache miss)
130 http fetch GET 200 https://registry.npmjs.org/callback-stream 252ms (cache miss)
131 timing idealTree:node_modules/sparkplug-client/node_modules/mqtt Completed in 263ms
132 silly placeDep ROOT es6-set@0.1.6 OK for: es6-map@0.1.5 want: ~0.1.5
133 silly placeDep ROOT event-emitter@0.3.5 OK for: es6-map@0.1.5 want: ~0.3.5
134 silly fetch manifest type@^2.7.2
135 http fetch GET 200 https://registry.npmjs.org/type 65ms (cache revalidated)
136 timing idealTree:node_modules/es6-map Completed in 70ms
137 silly placeDep node_modules/es6-set type@2.7.2 OK for: es6-set@0.1.6 want: ^2.7.2
138 timing idealTree:node_modules/es6-set Completed in 1ms
139 timing idealTree:node_modules/event-emitter Completed in 0ms
140 silly placeDep node_modules/websocket-stream duplexify@3.7.1 OK for: websocket-stream@5.2.0 want: ^3.6.1
141 silly placeDep node_modules/websocket-stream ws@6.2.2 OK for: websocket-stream@5.2.0 want: ^6.1.2
142 silly fetch manifest readable-stream@^2.0.0
143 silly fetch manifest async-limiter@~1.0.0
144 http fetch GET 200 https://registry.npmjs.org/async-limiter 63ms (cache miss)
145 timing idealTree:node_modules/websocket-stream Completed in 67ms
146 timing idealTree:node_modules/es6-set/node_modules/type Completed in 0ms
147 timing idealTree:node_modules/sparkplug-client/node_modules/concat-stream Completed in 0ms
148 silly placeDep ROOT callback-stream@1.1.0 OK for: help-me@1.1.0 want: ^1.0.2
149 silly placeDep ROOT glob-stream@6.1.0 OK for: help-me@1.1.0 want: ^6.1.0
150 silly placeDep ROOT through2@2.0.5 OK for: help-me@1.1.0 want: ^2.0.1
151 silly fetch manifest readable-stream@> 1.0.0 < 3.0.0
152 silly fetch manifest extend@^3.0.0
153 silly fetch manifest glob-parent@^3.1.0
154 silly fetch manifest is-negated-glob@^1.0.0
155 silly fetch manifest ordered-read-streams@^1.0.0
156 silly fetch manifest pumpify@^1.3.5
157 silly fetch manifest readable-stream@^2.1.5
158 silly fetch manifest remove-trailing-separator@^1.0.1
159 silly fetch manifest to-absolute-glob@^2.0.0
160 silly fetch manifest unique-stream@^2.0.2
161 silly fetch manifest readable-stream@~2.3.6
162 http fetch GET 200 https://registry.npmjs.org/pumpify 66ms (cache miss)
163 http fetch GET 200 https://registry.npmjs.org/is-negated-glob 78ms (cache miss)
164 http fetch GET 200 https://registry.npmjs.org/extend 80ms (cache revalidated)
165 http fetch GET 200 https://registry.npmjs.org/unique-stream 74ms (cache miss)
166 http fetch GET 200 https://registry.npmjs.org/ordered-read-streams 80ms (cache miss)
167 http fetch GET 200 https://registry.npmjs.org/remove-trailing-separator 78ms (cache miss)
168 http fetch GET 200 https://registry.npmjs.org/glob-parent 83ms (cache miss)
169 http fetch GET 200 https://registry.npmjs.org/to-absolute-glob 86ms (cache miss)
170 timing idealTree:node_modules/sparkplug-client/node_modules/help-me Completed in 97ms
171 silly placeDep node_modules/callback-stream readable-stream@2.3.7 OK for: callback-stream@1.1.0 want: > 1.0.0 < 3.0.0
172 timing idealTree:node_modules/callback-stream Completed in 4ms
173 silly placeDep ROOT extend@3.0.2 OK for: glob-stream@6.1.0 want: ^3.0.0
174 silly placeDep ROOT glob-parent@3.1.0 OK for: glob-stream@6.1.0 want: ^3.1.0
175 silly placeDep ROOT is-negated-glob@1.0.0 OK for: glob-stream@6.1.0 want: ^1.0.0
176 silly placeDep ROOT ordered-read-streams@1.0.1 OK for: glob-stream@6.1.0 want: ^1.0.0
177 silly placeDep ROOT pumpify@1.5.1 OK for: glob-stream@6.1.0 want: ^1.3.5
178 silly placeDep node_modules/glob-stream readable-stream@2.3.7 OK for: glob-stream@6.1.0 want: ^2.1.5
179 silly placeDep ROOT remove-trailing-separator@1.1.0 OK for: glob-stream@6.1.0 want: ^1.0.1
180 silly placeDep ROOT to-absolute-glob@2.0.2 OK for: glob-stream@6.1.0 want: ^2.0.0
181 silly placeDep ROOT unique-stream@2.3.1 OK for: glob-stream@6.1.0 want: ^2.0.2
182 silly fetch manifest is-glob@^3.1.0
183 silly fetch manifest path-dirname@^1.0.0
184 silly fetch manifest readable-stream@^2.0.1
185 silly fetch manifest duplexify@^3.6.0
186 silly fetch manifest pump@^2.0.0
187 silly fetch manifest is-absolute@^1.0.0
188 silly fetch manifest json-stable-stringify-without-jsonify@^1.0.1
189 silly fetch manifest through2-filter@^3.0.0
190 http fetch GET 200 https://registry.npmjs.org/through2-filter 56ms (cache miss)
191 http fetch GET 200 https://registry.npmjs.org/json-stable-stringify-without-jsonify 71ms (cache miss)
192 http fetch GET 200 https://registry.npmjs.org/path-dirname 76ms (cache miss)
193 http fetch GET 200 https://registry.npmjs.org/is-absolute 74ms (cache miss)
194 http fetch GET 200 https://registry.npmjs.org/is-glob 79ms (cache miss)
195 http fetch GET 200 https://registry.npmjs.org/pump 248ms (cache revalidated)
196 timing idealTree:node_modules/glob-stream Completed in 266ms
197 timing idealTree:node_modules/extend Completed in 0ms
198 silly placeDep ROOT is-glob@3.1.0 OK for: glob-parent@3.1.0 want: ^3.1.0
199 silly placeDep ROOT path-dirname@1.0.2 OK for: glob-parent@3.1.0 want: ^1.0.0
200 silly fetch manifest is-extglob@^2.1.0
201 http fetch GET 200 https://registry.npmjs.org/is-extglob 70ms (cache miss)
202 timing idealTree:node_modules/glob-parent Completed in 73ms
203 silly placeDep ROOT is-extglob@2.1.1 OK for: is-glob@3.1.0 want: ^2.1.0
204 timing idealTree:node_modules/is-glob Completed in 1ms
205 timing idealTree:node_modules/is-extglob Completed in 0ms
206 timing idealTree:node_modules/is-negated-glob Completed in 0ms
207 silly placeDep node_modules/ordered-read-streams readable-stream@2.3.7 OK for: ordered-read-streams@1.0.1 want: ^2.0.1
208 timing idealTree:node_modules/ordered-read-streams Completed in 2ms
209 timing idealTree:node_modules/path-dirname Completed in 0ms
210 silly placeDep node_modules/pumpify duplexify@3.7.1 OK for: pumpify@1.5.1 want: ^3.6.0
211 silly placeDep node_modules/pumpify pump@2.0.1 OK for: pumpify@1.5.1 want: ^2.0.0
212 timing idealTree:node_modules/pumpify Completed in 3ms
213 timing idealTree:node_modules/remove-trailing-separator Completed in 0ms
214 silly placeDep node_modules/through2 readable-stream@2.3.7 OK for: through2@2.0.5 want: ~2.3.6
215 timing idealTree:node_modules/through2 Completed in 2ms
216 silly placeDep ROOT is-absolute@1.0.0 OK for: to-absolute-glob@2.0.2 want: ^1.0.0
217 silly fetch manifest is-relative@^1.0.0
218 silly fetch manifest is-windows@^1.0.1
219 http fetch GET 200 https://registry.npmjs.org/is-relative 53ms (cache miss)
220 http fetch GET 200 https://registry.npmjs.org/is-windows 53ms (cache miss)
221 timing idealTree:node_modules/to-absolute-glob Completed in 55ms
222 silly placeDep ROOT is-relative@1.0.0 OK for: is-absolute@1.0.0 want: ^1.0.0
223 silly placeDep ROOT is-windows@1.0.2 OK for: is-absolute@1.0.0 want: ^1.0.1
224 silly fetch manifest is-unc-path@^1.0.0
225 http fetch GET 200 https://registry.npmjs.org/is-unc-path 113ms (cache miss)
226 timing idealTree:node_modules/is-absolute Completed in 116ms
227 silly placeDep ROOT is-unc-path@1.0.0 OK for: is-relative@1.0.0 want: ^1.0.0
228 silly fetch manifest unc-path-regex@^0.1.2
229 http fetch GET 200 https://registry.npmjs.org/unc-path-regex 67ms (cache miss)
230 timing idealTree:node_modules/is-relative Completed in 69ms
231 silly placeDep ROOT unc-path-regex@0.1.2 OK for: is-unc-path@1.0.0 want: ^0.1.2
232 timing idealTree:node_modules/is-unc-path Completed in 1ms
233 timing idealTree:node_modules/is-windows Completed in 0ms
234 timing idealTree:node_modules/unc-path-regex Completed in 0ms
235 silly placeDep ROOT json-stable-stringify-without-jsonify@1.0.1 OK for: unique-stream@2.3.1 want: ^1.0.1
236 silly placeDep ROOT through2-filter@3.0.0 OK for: unique-stream@2.3.1 want: ^3.0.0
237 timing idealTree:node_modules/unique-stream Completed in 2ms
238 timing idealTree:node_modules/json-stable-stringify-without-jsonify Completed in 0ms
239 timing idealTree:node_modules/through2-filter Completed in 0ms
240 silly placeDep ROOT core-util-is@1.0.3 OK for: readable-stream@2.3.7 want: ~1.0.0
241 silly placeDep ROOT isarray@1.0.0 OK for: readable-stream@2.3.7 want: ~1.0.0
242 silly placeDep node_modules/callback-stream safe-buffer@5.1.2 OK for: readable-stream@2.3.7 want: ~5.1.1
243 silly placeDep node_modules/callback-stream string_decoder@1.1.1 OK for: readable-stream@2.3.7 want: ~1.1.1
244 timing idealTree:node_modules/callback-stream/node_modules/readable-stream Completed in 4ms
245 timing idealTree:node_modules/core-util-is Completed in 0ms
246 timing idealTree:node_modules/isarray Completed in 0ms
247 timing idealTree:node_modules/callback-stream/node_modules/safe-buffer Completed in 0ms
248 timing idealTree:node_modules/callback-stream/node_modules/string_decoder Completed in 0ms
249 silly placeDep node_modules/glob-stream safe-buffer@5.1.2 OK for: readable-stream@2.3.7 want: ~5.1.1
250 silly placeDep node_modules/glob-stream string_decoder@1.1.1 OK for: readable-stream@2.3.7 want: ~1.1.1
251 timing idealTree:node_modules/glob-stream/node_modules/readable-stream Completed in 2ms
252 timing idealTree:node_modules/glob-stream/node_modules/safe-buffer Completed in 0ms
253 timing idealTree:node_modules/glob-stream/node_modules/string_decoder Completed in 0ms
254 silly placeDep node_modules/ordered-read-streams safe-buffer@5.1.2 OK for: readable-stream@2.3.7 want: ~5.1.1
255 silly placeDep node_modules/ordered-read-streams string_decoder@1.1.1 OK for: readable-stream@2.3.7 want: ~1.1.1
256 timing idealTree:node_modules/ordered-read-streams/node_modules/readable-stream Completed in 1ms
257 timing idealTree:node_modules/ordered-read-streams/node_modules/safe-buffer Completed in 0ms
258 timing idealTree:node_modules/ordered-read-streams/node_modules/string_decoder Completed in 0ms
259 silly placeDep node_modules/pumpify readable-stream@2.3.7 OK for: duplexify@3.7.1 want: ^2.0.0
260 timing idealTree:node_modules/pumpify/node_modules/duplexify Completed in 1ms
261 timing idealTree:node_modules/pumpify/node_modules/pump Completed in 0ms
262 silly placeDep node_modules/pumpify safe-buffer@5.1.2 OK for: readable-stream@2.3.7 want: ~5.1.1
263 silly placeDep node_modules/pumpify string_decoder@1.1.1 OK for: readable-stream@2.3.7 want: ~1.1.1
264 timing idealTree:node_modules/pumpify/node_modules/readable-stream Completed in 2ms
265 timing idealTree:node_modules/pumpify/node_modules/safe-buffer Completed in 0ms
266 timing idealTree:node_modules/pumpify/node_modules/string_decoder Completed in 0ms
267 silly placeDep node_modules/sparkplug-client bl@1.2.3 OK for: mqtt-packet@5.6.1 want: ^1.2.1
268 timing idealTree:node_modules/sparkplug-client/node_modules/mqtt-packet Completed in 1ms
269 timing idealTree:node_modules/sparkplug-client/node_modules/bl Completed in 0ms
270 timing idealTree:node_modules/sparkplug-client/node_modules/pako Completed in 0ms
271 silly placeDep node_modules/sparkplug-client safe-buffer@5.1.2 OK for: readable-stream@2.3.7 want: ~5.1.1
272 silly placeDep node_modules/sparkplug-client string_decoder@1.1.1 OK for: readable-stream@2.3.7 want: ~1.1.1
273 timing idealTree:node_modules/sparkplug-client/node_modules/readable-stream Completed in 5ms
274 timing idealTree:node_modules/sparkplug-client/node_modules/safe-buffer Completed in 0ms
275 timing idealTree:node_modules/sparkplug-client/node_modules/split2 Completed in 0ms
276 timing idealTree:node_modules/sparkplug-client/node_modules/string_decoder Completed in 0ms
277 silly placeDep node_modules/through2 safe-buffer@5.1.2 OK for: readable-stream@2.3.7 want: ~5.1.1
278 silly placeDep node_modules/through2 string_decoder@1.1.1 OK for: readable-stream@2.3.7 want: ~1.1.1
279 timing idealTree:node_modules/through2/node_modules/readable-stream Completed in 2ms
280 timing idealTree:node_modules/through2/node_modules/safe-buffer Completed in 0ms
281 timing idealTree:node_modules/through2/node_modules/string_decoder Completed in 0ms
282 silly placeDep node_modules/websocket-stream/node_modules/duplexify readable-stream@2.3.7 OK for: duplexify@3.7.1 want: ^2.0.0
283 timing idealTree:node_modules/websocket-stream/node_modules/duplexify Completed in 2ms
284 silly placeDep ROOT async-limiter@1.0.1 OK for: ws@6.2.2 want: ~1.0.0
285 timing idealTree:node_modules/websocket-stream/node_modules/ws Completed in 1ms
286 timing idealTree:node_modules/async-limiter Completed in 0ms
287 silly placeDep node_modules/websocket-stream safe-buffer@5.1.2 OK for: readable-stream@2.3.7 want: ~5.1.1
288 silly placeDep node_modules/websocket-stream string_decoder@1.1.1 OK for: readable-stream@2.3.7 want: ~1.1.1
289 timing idealTree:node_modules/websocket-stream/node_modules/duplexify/node_modules/readable-stream Completed in 2ms
290 timing idealTree:node_modules/websocket-stream/node_modules/safe-buffer Completed in 1ms
291 timing idealTree:node_modules/websocket-stream/node_modules/string_decoder Completed in 0ms
292 timing idealTree:buildDeps Completed in 2759ms
293 timing idealTree:fixDepFlags Completed in 1ms
294 timing idealTree Completed in 2834ms
295 timing reify:loadTrees Completed in 2834ms
296 timing reify:diffTrees Completed in 4ms
297 silly reify moves {}
298 timing reify:retireShallow Completed in 1ms
299 timing reify:createSparse Completed in 11ms
300 timing reify:trashOmits Completed in 0ms
301 timing reify:loadBundles Completed in 0ms
302 silly tarball no local data for async-limiter@https://registry.npmjs.org/async-limiter/-/async-limiter-1.0.1.tgz. Extracting by manifest.
303 silly tarball no local data for isarray@https://registry.npmjs.org/isarray/-/isarray-1.0.0.tgz. Extracting by manifest.
304 silly tarball no local data for core-util-is@https://registry.npmjs.org/core-util-is/-/core-util-is-1.0.3.tgz. Extracting by manifest.
305 silly tarball no local data for through2-filter@https://registry.npmjs.org/through2-filter/-/through2-filter-3.0.0.tgz. Extracting by manifest.
306 silly tarball no local data for json-stable-stringify-without-jsonify@https://registry.npmjs.org/json-stable-stringify-without-jsonify/-/json-stable-stringify-without-jsonify-1.0.1.tgz. Extracting by manifest.
307 silly tarball no local data for is-unc-path@https://registry.npmjs.org/is-unc-path/-/is-unc-path-1.0.0.tgz. Extracting by manifest.
308 silly tarball no local data for unc-path-regex@https://registry.npmjs.org/unc-path-regex/-/unc-path-regex-0.1.2.tgz. Extracting by manifest.
309 silly tarball no local data for is-windows@https://registry.npmjs.org/is-windows/-/is-windows-1.0.2.tgz. Extracting by manifest.
310 silly tarball no local data for is-relative@https://registry.npmjs.org/is-relative/-/is-relative-1.0.0.tgz. Extracting by manifest.
311 silly tarball no local data for is-absolute@https://registry.npmjs.org/is-absolute/-/is-absolute-1.0.0.tgz. Extracting by manifest.
312 silly tarball no local data for is-extglob@https://registry.npmjs.org/is-extglob/-/is-extglob-2.1.1.tgz. Extracting by manifest.
313 silly tarball no local data for path-dirname@https://registry.npmjs.org/path-dirname/-/path-dirname-1.0.2.tgz. Extracting by manifest.
314 silly tarball no local data for is-glob@https://registry.npmjs.org/is-glob/-/is-glob-3.1.0.tgz. Extracting by manifest.
315 silly tarball no local data for unique-stream@https://registry.npmjs.org/unique-stream/-/unique-stream-2.3.1.tgz. Extracting by manifest.
316 silly tarball no local data for to-absolute-glob@https://registry.npmjs.org/to-absolute-glob/-/to-absolute-glob-2.0.2.tgz. Extracting by manifest.
317 silly tarball no local data for remove-trailing-separator@https://registry.npmjs.org/remove-trailing-separator/-/remove-trailing-separator-1.1.0.tgz. Extracting by manifest.
318 silly tarball no local data for pumpify@https://registry.npmjs.org/pumpify/-/pumpify-1.5.1.tgz. Extracting by manifest.
319 silly tarball no local data for ordered-read-streams@https://registry.npmjs.org/ordered-read-streams/-/ordered-read-streams-1.0.1.tgz. Extracting by manifest.
320 silly tarball no local data for is-negated-glob@https://registry.npmjs.org/is-negated-glob/-/is-negated-glob-1.0.0.tgz. Extracting by manifest.
321 silly tarball no local data for glob-parent@https://registry.npmjs.org/glob-parent/-/glob-parent-3.1.0.tgz. Extracting by manifest.
322 silly tarball no local data for through2@https://registry.npmjs.org/through2/-/through2-2.0.5.tgz. Extracting by manifest.
323 silly tarball no local data for glob-stream@https://registry.npmjs.org/glob-stream/-/glob-stream-6.1.0.tgz. Extracting by manifest.
324 silly tarball no local data for callback-stream@https://registry.npmjs.org/callback-stream/-/callback-stream-1.1.0.tgz. Extracting by manifest.
325 silly tarball no local data for event-emitter@https://registry.npmjs.org/event-emitter/-/event-emitter-0.3.5.tgz. Extracting by manifest.
326 silly tarball no local data for es6-set@https://registry.npmjs.org/es6-set/-/es6-set-0.1.6.tgz. Extracting by manifest.
327 silly tarball no local data for websocket-stream@https://registry.npmjs.org/websocket-stream/-/websocket-stream-5.2.0.tgz. Extracting by manifest.
328 silly tarball no local data for es6-map@https://registry.npmjs.org/es6-map/-/es6-map-0.1.5.tgz. Extracting by manifest.
329 silly tarball no local data for stack-trace@https://registry.npmjs.org/stack-trace/-/stack-trace-0.0.10.tgz. Extracting by manifest.
330 silly tarball no local data for eyes@https://registry.npmjs.org/eyes/-/eyes-0.1.8.tgz. Extracting by manifest.
331 silly tarball no local data for cycle@https://registry.npmjs.org/cycle/-/cycle-1.0.3.tgz. Extracting by manifest.
332 silly tarball no local data for colors@https://registry.npmjs.org/colors/-/colors-1.0.3.tgz. Extracting by manifest.
333 silly tarball no local data for async@https://registry.npmjs.org/async/-/async-3.2.4.tgz. Extracting by manifest.
334 silly tarball no local data for winston@https://registry.npmjs.org/winston/-/winston-2.4.6.tgz. Extracting by manifest.
335 silly tarball no local data for sparkplug-client@https://registry.npmjs.org/sparkplug-client/-/sparkplug-client-3.2.2.tgz. Extracting by manifest.
336 silly tarball no local data for node-red-contrib-sparkplug@https://registry.npmjs.org/node-red-contrib-sparkplug/-/node-red-contrib-sparkplug-2.1.1.tgz. Extracting by manifest.
337 silly tarball no local data for string_decoder@https://registry.npmjs.org/string_decoder/-/string_decoder-1.1.1.tgz. Extracting by manifest.
338 silly tarball no local data for readable-stream@https://registry.npmjs.org/readable-stream/-/readable-stream-2.3.7.tgz. Extracting by manifest.
339 silly tarball no local data for safe-buffer@https://registry.npmjs.org/safe-buffer/-/safe-buffer-5.1.2.tgz. Extracting by manifest.
340 silly tarball no local data for pump@https://registry.npmjs.org/pump/-/pump-2.0.1.tgz. Extracting by manifest.
341 silly tarball no local data for duplexify@https://registry.npmjs.org/duplexify/-/duplexify-3.7.1.tgz. Extracting by manifest.
342 silly tarball no local data for string_decoder@https://registry.npmjs.org/string_decoder/-/string_decoder-1.1.1.tgz. Extracting by manifest.
343 silly tarball no local data for safe-buffer@https://registry.npmjs.org/safe-buffer/-/safe-buffer-5.1.2.tgz. Extracting by manifest.
344 silly tarball no local data for readable-stream@https://registry.npmjs.org/readable-stream/-/readable-stream-2.3.7.tgz. Extracting by manifest.
345 silly tarball no local data for string_decoder@https://registry.npmjs.org/string_decoder/-/string_decoder-1.1.1.tgz. Extracting by manifest.
346 silly tarball no local data for safe-buffer@https://registry.npmjs.org/safe-buffer/-/safe-buffer-5.1.2.tgz. Extracting by manifest.
347 silly tarball no local data for readable-stream@https://registry.npmjs.org/readable-stream/-/readable-stream-2.3.7.tgz. Extracting by manifest.
348 silly tarball no local data for string_decoder@https://registry.npmjs.org/string_decoder/-/string_decoder-1.1.1.tgz. Extracting by manifest.
349 silly tarball no local data for safe-buffer@https://registry.npmjs.org/safe-buffer/-/safe-buffer-5.1.2.tgz. Extracting by manifest.
350 silly tarball no local data for readable-stream@https://registry.npmjs.org/readable-stream/-/readable-stream-2.3.7.tgz. Extracting by manifest.
351 silly tarball no local data for string_decoder@https://registry.npmjs.org/string_decoder/-/string_decoder-1.1.1.tgz. Extracting by manifest.
352 silly tarball no local data for safe-buffer@https://registry.npmjs.org/safe-buffer/-/safe-buffer-5.1.2.tgz. Extracting by manifest.
353 silly tarball no local data for readable-stream@https://registry.npmjs.org/readable-stream/-/readable-stream-2.3.7.tgz. Extracting by manifest.
354 silly tarball no local data for string_decoder@https://registry.npmjs.org/string_decoder/-/string_decoder-1.1.1.tgz. Extracting by manifest.
355 silly tarball no local data for safe-buffer@https://registry.npmjs.org/safe-buffer/-/safe-buffer-5.1.2.tgz. Extracting by manifest.
356 silly tarball no local data for ws@https://registry.npmjs.org/ws/-/ws-6.2.2.tgz. Extracting by manifest.
357 silly tarball no local data for duplexify@https://registry.npmjs.org/duplexify/-/duplexify-3.7.1.tgz. Extracting by manifest.
358 silly tarball no local data for readable-stream@https://registry.npmjs.org/readable-stream/-/readable-stream-2.3.7.tgz. Extracting by manifest.
359 silly tarball no local data for string_decoder@https://registry.npmjs.org/string_decoder/-/string_decoder-1.1.1.tgz. Extracting by manifest.
360 silly tarball no local data for safe-buffer@https://registry.npmjs.org/safe-buffer/-/safe-buffer-5.1.2.tgz. Extracting by manifest.
361 silly tarball no local data for bl@https://registry.npmjs.org/bl/-/bl-1.2.3.tgz. Extracting by manifest.
362 silly tarball no local data for split2@https://registry.npmjs.org/split2/-/split2-2.2.0.tgz. Extracting by manifest.
363 silly tarball no local data for readable-stream@https://registry.npmjs.org/readable-stream/-/readable-stream-2.3.7.tgz. Extracting by manifest.
364 silly tarball no local data for mqtt-packet@https://registry.npmjs.org/mqtt-packet/-/mqtt-packet-5.6.1.tgz. Extracting by manifest.
365 silly tarball no local data for help-me@https://registry.npmjs.org/help-me/-/help-me-1.1.0.tgz. Extracting by manifest.
366 silly tarball no local data for concat-stream@https://registry.npmjs.org/concat-stream/-/concat-stream-1.6.2.tgz. Extracting by manifest.
367 silly tarball no local data for pako@https://registry.npmjs.org/pako/-/pako-1.0.11.tgz. Extracting by manifest.
368 silly tarball no local data for mqtt@https://registry.npmjs.org/mqtt/-/mqtt-2.18.9.tgz. Extracting by manifest.
369 timing reifyNode:node_modules/extend Completed in 392ms
370 timing reifyNode:node_modules/isstream Completed in 390ms
371 http fetch GET 200 https://registry.npmjs.org/isarray/-/isarray-1.0.0.tgz 385ms (cache miss)
372 timing reifyNode:node_modules/isarray Completed in 428ms
373 http fetch GET 200 https://registry.npmjs.org/async-limiter/-/async-limiter-1.0.1.tgz 402ms (cache miss)
374 timing reifyNode:node_modules/async-limiter Completed in 442ms
375 http fetch GET 200 https://registry.npmjs.org/path-dirname/-/path-dirname-1.0.2.tgz 370ms (cache miss)
376 timing reifyNode:node_modules/path-dirname Completed in 443ms
377 http fetch GET 200 https://registry.npmjs.org/core-util-is/-/core-util-is-1.0.3.tgz 402ms (cache miss)
378 timing reifyNode:node_modules/core-util-is Completed in 447ms
379 http fetch GET 200 https://registry.npmjs.org/json-stable-stringify-without-jsonify/-/json-stable-stringify-without-jsonify-1.0.1.tgz 405ms (cache miss)
380 http fetch GET 200 https://registry.npmjs.org/is-extglob/-/is-extglob-2.1.1.tgz 389ms (cache miss)
381 timing reifyNode:node_modules/is-extglob Completed in 460ms
382 http fetch GET 200 https://registry.npmjs.org/is-unc-path/-/is-unc-path-1.0.0.tgz 421ms (cache miss)
383 timing reifyNode:node_modules/is-unc-path Completed in 473ms
384 http fetch GET 200 https://registry.npmjs.org/is-absolute/-/is-absolute-1.0.0.tgz 424ms (cache miss)
385 timing reifyNode:node_modules/is-absolute Completed in 492ms
386 timing reifyNode:node_modules/json-stable-stringify-without-jsonify Completed in 498ms
387 http fetch GET 200 https://registry.npmjs.org/is-glob/-/is-glob-3.1.0.tgz 446ms (cache miss)
388 timing reifyNode:node_modules/is-glob Completed in 521ms
389 http fetch GET 200 https://registry.npmjs.org/is-relative/-/is-relative-1.0.0.tgz 462ms (cache miss)
390 timing reifyNode:node_modules/is-relative Completed in 524ms
391 http fetch GET 200 https://registry.npmjs.org/unc-path-regex/-/unc-path-regex-0.1.2.tgz 475ms (cache miss)
392 timing reifyNode:node_modules/unc-path-regex Completed in 530ms
393 http fetch GET 200 https://registry.npmjs.org/through2-filter/-/through2-filter-3.0.0.tgz 496ms (cache miss)
394 timing reifyNode:node_modules/through2-filter Completed in 544ms
395 http fetch GET 200 https://registry.npmjs.org/is-windows/-/is-windows-1.0.2.tgz 487ms (cache miss)
396 timing reifyNode:node_modules/is-windows Completed in 547ms
397 http fetch GET 200 https://registry.npmjs.org/remove-trailing-separator/-/remove-trailing-separator-1.1.0.tgz 467ms (cache miss)
398 timing reifyNode:node_modules/remove-trailing-separator Completed in 553ms
399 http fetch GET 200 https://registry.npmjs.org/ordered-read-streams/-/ordered-read-streams-1.0.1.tgz 482ms (cache miss)
400 timing reifyNode:node_modules/ordered-read-streams Completed in 573ms
401 http fetch GET 200 https://registry.npmjs.org/through2/-/through2-2.0.5.tgz 491ms (cache miss)
402 timing reifyNode:node_modules/through2 Completed in 598ms
403 http fetch GET 200 https://registry.npmjs.org/callback-stream/-/callback-stream-1.1.0.tgz 486ms (cache miss)
404 timing reifyNode:node_modules/callback-stream Completed in 600ms
405 http fetch GET 200 https://registry.npmjs.org/pumpify/-/pumpify-1.5.1.tgz 522ms (cache miss)
406 timing reifyNode:node_modules/pumpify Completed in 611ms
407 http fetch GET 200 https://registry.npmjs.org/is-negated-glob/-/is-negated-glob-1.0.0.tgz 515ms (cache miss)
408 timing reifyNode:node_modules/is-negated-glob Completed in 614ms
409 http fetch GET 200 https://registry.npmjs.org/glob-parent/-/glob-parent-3.1.0.tgz 524ms (cache miss)
410 timing reifyNode:node_modules/glob-parent Completed in 629ms
411 http fetch GET 200 https://registry.npmjs.org/glob-stream/-/glob-stream-6.1.0.tgz 557ms (cache miss)
412 timing reifyNode:node_modules/glob-stream Completed in 667ms
413 http fetch GET 200 https://registry.npmjs.org/to-absolute-glob/-/to-absolute-glob-2.0.2.tgz 596ms (cache miss)
414 timing reifyNode:node_modules/to-absolute-glob Completed in 676ms
415 http fetch GET 200 https://registry.npmjs.org/stack-trace/-/stack-trace-0.0.10.tgz 543ms (cache miss)
416 timing reifyNode:node_modules/stack-trace Completed in 683ms
417 http fetch GET 200 https://registry.npmjs.org/unique-stream/-/unique-stream-2.3.1.tgz 618ms (cache miss)
418 timing reifyNode:node_modules/unique-stream Completed in 697ms
419 http fetch GET 200 https://registry.npmjs.org/websocket-stream/-/websocket-stream-5.2.0.tgz 586ms (cache miss)
420 timing reifyNode:node_modules/websocket-stream Completed in 714ms
421 http fetch GET 200 https://registry.npmjs.org/safe-buffer/-/safe-buffer-5.1.2.tgz 556ms (cache miss)
422 timing reifyNode:node_modules/pumpify/node_modules/safe-buffer Completed in 728ms
423 http fetch GET 200 https://registry.npmjs.org/pump/-/pump-2.0.1.tgz 553ms (cache miss)
424 timing reifyNode:node_modules/pumpify/node_modules/pump Completed in 731ms
425 http fetch GET 200 https://registry.npmjs.org/cycle/-/cycle-1.0.3.tgz 597ms (cache miss)
426 timing reifyNode:node_modules/cycle Completed in 743ms
427 http fetch GET 200 https://registry.npmjs.org/string_decoder/-/string_decoder-1.1.1.tgz 598ms (cache miss)
428 timing reifyNode:node_modules/pumpify/node_modules/string_decoder Completed in 765ms
429 http fetch GET 200 https://registry.npmjs.org/duplexify/-/duplexify-3.7.1.tgz 584ms (cache miss)
430 timing reifyNode:node_modules/pumpify/node_modules/duplexify Completed in 769ms
431 http fetch GET 200 https://registry.npmjs.org/string_decoder/-/string_decoder-1.1.1.tgz 592ms (cache miss)
432 timing reifyNode:node_modules/ordered-read-streams/node_modules/string_decoder Completed in 779ms
433 http fetch GET 200 https://registry.npmjs.org/string_decoder/-/string_decoder-1.1.1.tgz 591ms (cache miss)
434 timing reifyNode:node_modules/through2/node_modules/string_decoder Completed in 784ms
435 http fetch GET 200 https://registry.npmjs.org/string_decoder/-/string_decoder-1.1.1.tgz 584ms (cache miss)
436 timing reifyNode:node_modules/glob-stream/node_modules/string_decoder Completed in 787ms
437 http fetch GET 200 https://registry.npmjs.org/string_decoder/-/string_decoder-1.1.1.tgz 575ms (cache miss)
438 timing reifyNode:node_modules/callback-stream/node_modules/string_decoder Completed in 790ms
439 http fetch GET 200 https://registry.npmjs.org/safe-buffer/-/safe-buffer-5.1.2.tgz 618ms (cache miss)
440 timing reifyNode:node_modules/ordered-read-streams/node_modules/safe-buffer Completed in 807ms
441 http fetch GET 200 https://registry.npmjs.org/string_decoder/-/string_decoder-1.1.1.tgz 588ms (cache miss)
442 timing reifyNode:node_modules/websocket-stream/node_modules/string_decoder Completed in 809ms
443 http fetch GET 200 https://registry.npmjs.org/duplexify/-/duplexify-3.7.1.tgz 581ms (cache miss)
444 timing reifyNode:node_modules/websocket-stream/node_modules/duplexify Completed in 813ms
445 http fetch GET 200 https://registry.npmjs.org/string_decoder/-/string_decoder-1.1.1.tgz 586ms (cache miss)
446 timing reifyNode:node_modules/sparkplug-client/node_modules/string_decoder Completed in 828ms
447 http fetch GET 200 https://registry.npmjs.org/eyes/-/eyes-0.1.8.tgz 688ms (cache miss)
448 timing reifyNode:node_modules/eyes Completed in 831ms
449 http fetch GET 200 https://registry.npmjs.org/safe-buffer/-/safe-buffer-5.1.2.tgz 618ms (cache miss)
450 timing reifyNode:node_modules/callback-stream/node_modules/safe-buffer Completed in 835ms
451 http fetch GET 200 https://registry.npmjs.org/safe-buffer/-/safe-buffer-5.1.2.tgz 593ms (cache miss)
452 timing reifyNode:node_modules/sparkplug-client/node_modules/safe-buffer Completed in 837ms
453 http fetch GET 200 https://registry.npmjs.org/safe-buffer/-/safe-buffer-5.1.2.tgz 636ms (cache miss)
454 timing reifyNode:node_modules/glob-stream/node_modules/safe-buffer Completed in 842ms
455 http fetch GET 200 https://registry.npmjs.org/split2/-/split2-2.2.0.tgz 594ms (cache miss)
456 timing reifyNode:node_modules/sparkplug-client/node_modules/split2 Completed in 843ms
457 http fetch GET 200 https://registry.npmjs.org/bl/-/bl-1.2.3.tgz 600ms (cache miss)
458 timing reifyNode:node_modules/sparkplug-client/node_modules/bl Completed in 846ms
459 http fetch GET 200 https://registry.npmjs.org/safe-buffer/-/safe-buffer-5.1.2.tgz 630ms (cache miss)
460 timing reifyNode:node_modules/websocket-stream/node_modules/safe-buffer Completed in 854ms
461 http fetch GET 200 https://registry.npmjs.org/es6-set/-/es6-set-0.1.6.tgz 741ms (cache miss)
462 timing reifyNode:node_modules/es6-set Completed in 865ms
463 http fetch GET 200 https://registry.npmjs.org/event-emitter/-/event-emitter-0.3.5.tgz 750ms (cache miss)
464 http fetch GET 200 https://registry.npmjs.org/safe-buffer/-/safe-buffer-5.1.2.tgz 675ms (cache miss)
465 timing reifyNode:node_modules/through2/node_modules/safe-buffer Completed in 871ms
466 http fetch GET 200 https://registry.npmjs.org/concat-stream/-/concat-stream-1.6.2.tgz 612ms (cache miss)
467 timing reifyNode:node_modules/sparkplug-client/node_modules/concat-stream Completed in 874ms
468 http fetch GET 200 https://registry.npmjs.org/es6-map/-/es6-map-0.1.5.tgz 746ms (cache miss)
469 http fetch GET 200 https://registry.npmjs.org/node-red-contrib-sparkplug/-/node-red-contrib-sparkplug-2.1.1.tgz 718ms (cache miss)
470 timing reifyNode:node_modules/node-red-contrib-sparkplug Completed in 881ms
471 timing reifyNode:node_modules/event-emitter Completed in 886ms
472 timing reifyNode:node_modules/es6-map Completed in 888ms
473 http fetch GET 200 https://registry.npmjs.org/sparkplug-client/-/sparkplug-client-3.2.2.tgz 732ms (cache miss)
474 timing reifyNode:node_modules/sparkplug-client Completed in 892ms
475 http fetch GET 200 https://registry.npmjs.org/help-me/-/help-me-1.1.0.tgz 648ms (cache miss)
476 http fetch GET 200 https://registry.npmjs.org/mqtt-packet/-/mqtt-packet-5.6.1.tgz 656ms (cache miss)
477 timing reifyNode:node_modules/sparkplug-client/node_modules/help-me Completed in 915ms
478 timing reifyNode:node_modules/sparkplug-client/node_modules/mqtt-packet Completed in 915ms
479 http fetch GET 200 https://registry.npmjs.org/readable-stream/-/readable-stream-2.3.7.tgz 729ms (cache miss)
480 timing reifyNode:node_modules/through2/node_modules/readable-stream Completed in 927ms
481 http fetch GET 200 https://registry.npmjs.org/readable-stream/-/readable-stream-2.3.7.tgz 713ms (cache miss)
482 timing reifyNode:node_modules/callback-stream/node_modules/readable-stream Completed in 933ms
483 http fetch GET 200 https://registry.npmjs.org/readable-stream/-/readable-stream-2.3.7.tgz 700ms (cache miss)
484 timing reifyNode:node_modules/websocket-stream/node_modules/duplexify/node_modules/readable-stream Completed in 934ms
485 http fetch GET 200 https://registry.npmjs.org/ws/-/ws-6.2.2.tgz 711ms (cache miss)
486 timing reifyNode:node_modules/websocket-stream/node_modules/ws Completed in 940ms
487 http fetch GET 200 https://registry.npmjs.org/readable-stream/-/readable-stream-2.3.7.tgz 777ms (cache miss)
488 timing reifyNode:node_modules/pumpify/node_modules/readable-stream Completed in 947ms
489 http fetch GET 200 https://registry.npmjs.org/readable-stream/-/readable-stream-2.3.7.tgz 745ms (cache miss)
490 timing reifyNode:node_modules/glob-stream/node_modules/readable-stream Completed in 958ms
491 http fetch GET 200 https://registry.npmjs.org/colors/-/colors-1.0.3.tgz 806ms (cache miss)
492 timing reifyNode:node_modules/colors Completed in 959ms
493 http fetch GET 200 https://registry.npmjs.org/readable-stream/-/readable-stream-2.3.7.tgz 712ms (cache miss)
494 timing reifyNode:node_modules/sparkplug-client/node_modules/readable-stream Completed in 964ms
495 http fetch GET 200 https://registry.npmjs.org/readable-stream/-/readable-stream-2.3.7.tgz 776ms (cache miss)
496 timing reifyNode:node_modules/ordered-read-streams/node_modules/readable-stream Completed in 968ms
497 http fetch GET 200 https://registry.npmjs.org/winston/-/winston-2.4.6.tgz 824ms (cache miss)
498 timing reifyNode:node_modules/winston Completed in 982ms
499 http fetch GET 200 https://registry.npmjs.org/pako/-/pako-1.0.11.tgz 733ms (cache miss)
500 timing reifyNode:node_modules/sparkplug-client/node_modules/pako Completed in 997ms
501 http fetch GET 200 https://registry.npmjs.org/mqtt/-/mqtt-2.18.9.tgz 749ms (cache miss)
502 timing reifyNode:node_modules/sparkplug-client/node_modules/mqtt Completed in 1021ms
503 timing reifyNode:node_modules/es6-set/node_modules/type Completed in 1025ms
504 http fetch GET 200 https://registry.npmjs.org/async/-/async-3.2.4.tgz 874ms (cache miss)
505 timing reifyNode:node_modules/async Completed in 1029ms
506 timing reify:unpack Completed in 1033ms
507 timing reify:unretire Completed in 0ms
508 timing build:queue Completed in 1ms
509 timing build:link:node_modules/sparkplug-client/node_modules/mqtt Completed in 6ms
510 timing build:link Completed in 7ms
511 timing build:deps Completed in 9ms
512 timing build Completed in 10ms
513 timing reify:build Completed in 10ms
514 timing reify:trash Completed in 0ms
515 timing reify:save Completed in 34ms
516 timing reify Completed in 3943ms
517 silly ADD node_modules/async-limiter
518 silly ADD node_modules/isarray
519 silly ADD node_modules/core-util-is
520 silly ADD node_modules/through2-filter
521 silly ADD node_modules/json-stable-stringify-without-jsonify
522 silly ADD node_modules/unc-path-regex
523 silly ADD node_modules/is-unc-path
524 silly ADD node_modules/is-windows
525 silly ADD node_modules/is-relative
526 silly ADD node_modules/is-absolute
527 silly ADD node_modules/is-extglob
528 silly ADD node_modules/path-dirname
529 silly ADD node_modules/is-glob
530 silly ADD node_modules/unique-stream
531 silly ADD node_modules/to-absolute-glob
532 silly ADD node_modules/remove-trailing-separator
533 silly ADD node_modules/pumpify
534 silly ADD node_modules/pumpify/node_modules/string_decoder
535 silly ADD node_modules/pumpify/node_modules/safe-buffer
536 silly ADD node_modules/pumpify/node_modules/readable-stream
537 silly ADD node_modules/pumpify/node_modules/pump
538 silly ADD node_modules/pumpify/node_modules/duplexify
539 silly ADD node_modules/ordered-read-streams
540 silly ADD node_modules/ordered-read-streams/node_modules/string_decoder
541 silly ADD node_modules/ordered-read-streams/node_modules/safe-buffer
542 silly ADD node_modules/ordered-read-streams/node_modules/readable-stream
543 silly ADD node_modules/is-negated-glob
544 silly ADD node_modules/glob-parent
545 silly ADD node_modules/extend
546 silly ADD node_modules/through2
547 silly ADD node_modules/through2/node_modules/string_decoder
548 silly ADD node_modules/through2/node_modules/safe-buffer
549 silly ADD node_modules/through2/node_modules/readable-stream
550 silly ADD node_modules/glob-stream
551 silly ADD node_modules/glob-stream/node_modules/string_decoder
552 silly ADD node_modules/glob-stream/node_modules/safe-buffer
553 silly ADD node_modules/glob-stream/node_modules/readable-stream
554 silly ADD node_modules/callback-stream
555 silly ADD node_modules/callback-stream/node_modules/string_decoder
556 silly ADD node_modules/callback-stream/node_modules/safe-buffer
557 silly ADD node_modules/callback-stream/node_modules/readable-stream
558 silly ADD node_modules/event-emitter
559 silly ADD node_modules/es6-set
560 silly ADD node_modules/es6-set/node_modules/type
561 silly ADD node_modules/websocket-stream
562 silly ADD node_modules/websocket-stream/node_modules/string_decoder
563 silly ADD node_modules/websocket-stream/node_modules/safe-buffer
564 silly ADD node_modules/websocket-stream/node_modules/ws
565 silly ADD node_modules/websocket-stream/node_modules/duplexify
566 silly ADD node_modules/websocket-stream/node_modules/duplexify/node_modules/readable-stream
567 silly ADD node_modules/es6-map
568 silly ADD node_modules/stack-trace
569 silly ADD node_modules/isstream
570 silly ADD node_modules/eyes
571 silly ADD node_modules/cycle
572 silly ADD node_modules/colors
573 silly ADD node_modules/async
574 silly ADD node_modules/winston
575 silly ADD node_modules/sparkplug-client
576 silly ADD node_modules/sparkplug-client/node_modules/string_decoder
577 silly ADD node_modules/sparkplug-client/node_modules/safe-buffer
578 silly ADD node_modules/sparkplug-client/node_modules/bl
579 silly ADD node_modules/sparkplug-client/node_modules/split2
580 silly ADD node_modules/sparkplug-client/node_modules/readable-stream
581 silly ADD node_modules/sparkplug-client/node_modules/mqtt-packet
582 silly ADD node_modules/sparkplug-client/node_modules/help-me
583 silly ADD node_modules/sparkplug-client/node_modules/concat-stream
584 silly ADD node_modules/sparkplug-client/node_modules/pako
585 silly ADD node_modules/sparkplug-client/node_modules/mqtt
586 silly ADD node_modules/node-red-contrib-sparkplug
587 timing command:install Completed in 3948ms
588 verbose exit 0
589 timing npm Completed in 4059ms
590 info ok
