0 verbose cli /usr/local/bin/node /usr/local/bin/npm
1 info using npm@8.11.0
2 info using node@v16.16.0
3 timing npm:load:whichnode Completed in 0ms
4 timing config:load:defaults Completed in 3ms
5 timing config:load:file:/usr/local/lib/node_modules/npm/npmrc Completed in 0ms
6 timing config:load:builtin Completed in 0ms
7 warn config production Use `--omit=dev` instead.
8 timing config:load:cli Completed in 3ms
9 timing config:load:env Completed in 1ms
10 timing config:load:file:/data/.npmrc Completed in 0ms
11 timing config:load:project Completed in 13ms
12 timing config:load:file:/usr/src/node-red/.npmrc Completed in 0ms
13 timing config:load:user Completed in 0ms
14 timing config:load:file:/usr/local/etc/npmrc Completed in 1ms
15 timing config:load:global Completed in 1ms
16 timing config:load:validate Completed in 1ms
17 timing config:load:credentials Completed in 1ms
18 timing config:load:setEnvs Completed in 1ms
19 timing config:load Completed in 24ms
20 timing npm:load:configload Completed in 24ms
21 timing npm:load:mkdirpcache Completed in 1ms
22 timing npm:load:mkdirplogs Completed in 1ms
23 verbose title npm install node-red-contrib-dht-sensor@1.0.4
24 verbose argv "install" "--no-audit" "--no-update-notifier" "--no-fund" "--save" "--save-prefix" "~" "--production" "--engine-strict" "node-red-contrib-dht-sensor@1.0.4"
25 timing npm:load:setTitle Completed in 1ms
26 timing config:load:flatten Completed in 4ms
27 timing npm:load:display Completed in 6ms
28 verbose logfile logs-max:10 dir:/data/.npm/_logs
29 verbose logfile /data/.npm/_logs/2022-10-10T00_31_56_066Z-debug-0.log
30 timing npm:load:logFile Completed in 6ms
31 timing npm:load:timers Completed in 0ms
32 timing npm:load:configScope Completed in 0ms
33 timing npm:load Completed in 39ms
34 timing arborist:ctor Completed in 1ms
35 silly logfile start cleaning logs, removing 1 files
36 silly logfile done cleaning log files
37 timing idealTree:init Completed in 263ms
38 timing idealTree:userRequests Completed in 1ms
39 silly idealTree buildDeps
40 silly fetch manifest node-red-contrib-dht-sensor@1.0.4
41 timing arborist:ctor Completed in 0ms
42 http fetch GET 200 https://registry.npmjs.org/node-red-contrib-dht-sensor 574ms (cache miss)
43 silly placeDep ROOT node-red-contrib-dht-sensor@1.0.4 OK for: node-red-project@0.0.1 want: 1.0.4
44 silly fetch manifest node-dht-sensor@*
45 http fetch GET 200 https://registry.npmjs.org/node-dht-sensor 496ms (cache miss)
46 timing idealTree:#root Completed in 1076ms
47 silly placeDep ROOT node-dht-sensor@0.4.3 OK for: node-red-contrib-dht-sensor@1.0.4 want: *
48 silly fetch manifest node-addon-api@^1.6.3
49 http fetch GET 200 https://registry.npmjs.org/node-addon-api 271ms (cache miss)
50 timing idealTree:node_modules/node-red-contrib-dht-sensor Completed in 275ms
51 silly placeDep ROOT node-addon-api@1.7.2 OK for: node-dht-sensor@0.4.3 want: ^1.6.3
52 timing idealTree:node_modules/node-dht-sensor Completed in 1ms
53 timing idealTree:node_modules/node-addon-api Completed in 0ms
54 timing idealTree:buildDeps Completed in 1353ms
55 timing idealTree:fixDepFlags Completed in 15ms
56 timing idealTree Completed in 1635ms
57 timing reify:loadTrees Completed in 1636ms
58 timing reify:diffTrees Completed in 6ms
59 silly reify moves {}
60 timing reify:retireShallow Completed in 1ms
61 timing reify:createSparse Completed in 2ms
62 timing reify:trashOmits Completed in 0ms
63 timing reify:loadBundles Completed in 0ms
64 verbose reify failed optional dependency /data/node_modules/fsevents
65 silly reify mark deleted [ '/data/node_modules/fsevents' ]
66 timing reifyNode:node_modules/fsevents Completed in 3ms
67 silly tarball no local data for node-addon-api@https://registry.npmjs.org/node-addon-api/-/node-addon-api-1.7.2.tgz. Extracting by manifest.
68 silly tarball no local data for node-dht-sensor@https://registry.npmjs.org/node-dht-sensor/-/node-dht-sensor-0.4.3.tgz. Extracting by manifest.
69 silly tarball no local data for node-red-contrib-dht-sensor@https://registry.npmjs.org/node-red-contrib-dht-sensor/-/node-red-contrib-dht-sensor-1.0.4.tgz. Extracting by manifest.
70 http fetch GET 200 https://registry.npmjs.org/node-addon-api/-/node-addon-api-1.7.2.tgz 140ms (cache miss)
71 timing reifyNode:node_modules/node-addon-api Completed in 149ms
72 http fetch GET 200 https://registry.npmjs.org/node-dht-sensor/-/node-dht-sensor-0.4.3.tgz 341ms (cache miss)
73 timing reifyNode:node_modules/node-dht-sensor Completed in 352ms
74 http fetch GET 200 https://registry.npmjs.org/node-red-contrib-dht-sensor/-/node-red-contrib-dht-sensor-1.0.4.tgz 845ms (cache miss)
75 timing reifyNode:node_modules/node-red-contrib-dht-sensor Completed in 859ms
76 timing reify:unpack Completed in 859ms
77 timing reify:unretire Completed in 0ms
78 timing build:queue Completed in 0ms
79 info run node-dht-sensor@0.4.3 install node_modules/node-dht-sensor node-gyp configure
80 info run node-dht-sensor@0.4.3 install { code: 0, signal: null }
81 timing build:run:install:node_modules/node-dht-sensor Completed in 2757ms
82 timing build:run:install Completed in 2757ms
83 info run node-dht-sensor@0.4.3 postinstall node_modules/node-dht-sensor node-gyp build
84 info run node-dht-sensor@0.4.3 postinstall { code: 0, signal: null }
85 timing build:run:postinstall:node_modules/node-dht-sensor Completed in 3216ms
86 timing build:run:postinstall Completed in 3216ms
87 timing build:deps Completed in 5974ms
88 timing build Completed in 5974ms
89 timing reify:build Completed in 5975ms
90 timing reify:trash Completed in 2ms
91 timing reify:save Completed in 90ms
92 timing reify Completed in 8618ms
93 silly ADD node_modules/node-addon-api
94 silly ADD node_modules/node-dht-sensor
95 silly ADD node_modules/node-red-contrib-dht-sensor
96 silly ADD
97 timing command:install Completed in 8623ms
98 verbose exit 0
99 timing npm Completed in 8729ms
100 info ok
